<?xml version="1.0" encoding="UTF-8"?>
<!-- Generated by org.testng.reporters.JUnitReportReporter -->
<testsuite skipped="0" hostname="computer8" name="testcases.ExtentReporting.LoginPageTest" tests="1" failures="0" timestamp="2020-09-11T11:22:46 IST" time="37.144" errors="0">
  <testcase name="validateLoginPageTitleTest" time="37.144" classname="testcases.ExtentReporting.LoginPageTest"/>
  <system-out/>
</testsuite> <!-- testcases.ExtentReporting.LoginPageTest -->
