<?xml version="1.0" encoding="UTF-8"?>
<!-- Generated by org.testng.reporters.JUnitReportReporter -->
<testsuite skipped="0" hostname="computer8" name="testcases.ExtentReporting.HomePageTest" tests="1" failures="0" timestamp="2020-09-11T11:22:46 IST" time="17.647" errors="0">
  <testcase name="validateHomePageTitleTest" time="17.647" classname="testcases.ExtentReporting.HomePageTest"/>
  <system-out/>
</testsuite> <!-- testcases.ExtentReporting.HomePageTest -->
